Note: This is test shard 1 of 4.
[==========] Running 2 tests from 1 test case.
[----------] Global test environment set-up.
[----------] 2 tests from Parallel
[ RUN      ] Parallel.Hello
[       OK ] Parallel.Hello (0 ms)
[ RUN      ] Parallel.Hello3
d:\home\lugansky-igor\shard-cpp-test\ides\vsee2010-tbb\parallel.cc(75): error: Value of: true
Expected: false
[  FAILED  ] Parallel.Hello3 (1 ms)
[----------] 2 tests from Parallel (1 ms total)

[----------] Global test environment tear-down
[==========] 2 tests from 1 test case ran. (1 ms total)
[  PASSED  ] 1 test.
[  FAILED  ] 1 test, listed below:
[  FAILED  ] Parallel.Hello3

 1 FAILED TEST